{"level":"info","message":"Subscriptions route loaded","service":"onlib-backend","timestamp":"2024-12-01 00:42:09"}
{"level":"info","message":"Subscriptions route loaded","service":"onlib-backend","timestamp":"2024-12-01 00:51:17"}
{"level":"info","message":"Subscriptions route loaded","service":"onlib-backend","timestamp":"2024-12-01 00:53:33"}
{"level":"info","message":"Subscriptions route loaded","service":"onlib-backend","timestamp":"2024-12-01 02:46:15"}
{"level":"info","message":"Subscriptions route loaded","service":"onlib-backend","timestamp":"2024-12-01 02:51:24"}
{"level":"info","message":"Subscriptions route loaded","service":"onlib-backend","timestamp":"2024-12-01 02:53:34"}
{"level":"info","message":"Subscriptions route loaded","service":"onlib-backend","timestamp":"2024-12-01 02:58:51"}
{"level":"info","message":"[GET] Fetching payment details for User ID: 10","service":"onlib-backend","timestamp":"2024-12-01 03:14:24"}
{"level":"info","message":"[INFO] Payment details fetched successfully for User ID: 10","service":"onlib-backend","timestamp":"2024-12-01 03:14:24"}
{"level":"info","message":"[GET] Fetching payment details for User ID: 10","service":"onlib-backend","timestamp":"2024-12-01 03:14:24"}
{"level":"info","message":"[INFO] Payment details fetched successfully for User ID: 10","service":"onlib-backend","timestamp":"2024-12-01 03:14:24"}
{"level":"info","message":"GET /subscription endpoint accessed","service":"onlib-backend","timestamp":"2024-12-01 03:14:27"}
{"level":"info","message":"Query params:","service":"onlib-backend","timestamp":"2024-12-01 03:14:27","userId":"10"}
{"0":{"amount":"7.50","email":"andre@gmail","endDate":"2025-11-29T00:00:00.000Z","lastPaymentDate":"2024-11-30T00:00:00.000Z","name":"andre","nextPaymentDate":"2024-11-01T00:00:00.000Z","startDate":"2024-11-29T00:00:00.000Z","subscriptionStatus":"inactive","userId":10},"level":"info","message":"Query results:","service":"onlib-backend","timestamp":"2024-12-01 03:14:27"}
{"level":"info","message":"GET /subscription endpoint accessed","service":"onlib-backend","timestamp":"2024-12-01 03:14:27"}
{"level":"info","message":"Query params:","service":"onlib-backend","timestamp":"2024-12-01 03:14:27","userId":"10"}
{"0":{"amount":"7.50","email":"andre@gmail","endDate":"2025-11-29T00:00:00.000Z","lastPaymentDate":"2024-11-30T00:00:00.000Z","name":"andre","nextPaymentDate":"2024-11-01T00:00:00.000Z","startDate":"2024-11-29T00:00:00.000Z","subscriptionStatus":"inactive","userId":10},"level":"info","message":"Query results:","service":"onlib-backend","timestamp":"2024-12-01 03:14:27"}
{"level":"info","message":"GET /subscription endpoint accessed","service":"onlib-backend","timestamp":"2024-12-01 03:14:31"}
{"level":"info","message":"Query params:","service":"onlib-backend","timestamp":"2024-12-01 03:14:31","userId":"9"}
{"0":{"amount":"5.00","email":"maria@gmail","endDate":"2025-11-29T00:00:00.000Z","lastPaymentDate":"2024-11-30T00:00:00.000Z","name":"maria","nextPaymentDate":"2024-12-30T00:00:00.000Z","startDate":"2024-11-29T00:00:00.000Z","subscriptionStatus":"active","userId":9},"1":{"amount":"5.00","email":"maria@gmail","endDate":"2025-11-29T00:00:00.000Z","lastPaymentDate":"2024-11-30T00:00:00.000Z","name":"maria","nextPaymentDate":"2024-12-30T00:00:00.000Z","startDate":"2024-11-29T00:00:00.000Z","subscriptionStatus":"active","userId":9},"2":{"amount":"5.00","email":"maria@gmail","endDate":"2024-12-29T00:00:00.000Z","lastPaymentDate":"2024-11-30T00:00:00.000Z","name":"maria","nextPaymentDate":"2024-12-30T00:00:00.000Z","startDate":"2024-11-29T00:00:00.000Z","subscriptionStatus":"active","userId":9},"3":{"amount":"5.00","email":"maria@gmail","endDate":"2024-12-30T00:00:00.000Z","lastPaymentDate":"2024-11-30T00:00:00.000Z","name":"maria","nextPaymentDate":"2024-12-30T00:00:00.000Z","startDate":"2024-11-30T00:00:00.000Z","subscriptionStatus":"active","userId":9},"level":"info","message":"Query results:","service":"onlib-backend","timestamp":"2024-12-01 03:14:31"}
{"level":"info","message":"GET /subscription endpoint accessed","service":"onlib-backend","timestamp":"2024-12-01 03:14:31"}
{"level":"info","message":"Query params:","service":"onlib-backend","timestamp":"2024-12-01 03:14:31","userId":"9"}
{"0":{"amount":"5.00","email":"maria@gmail","endDate":"2025-11-29T00:00:00.000Z","lastPaymentDate":"2024-11-30T00:00:00.000Z","name":"maria","nextPaymentDate":"2024-12-30T00:00:00.000Z","startDate":"2024-11-29T00:00:00.000Z","subscriptionStatus":"active","userId":9},"1":{"amount":"5.00","email":"maria@gmail","endDate":"2025-11-29T00:00:00.000Z","lastPaymentDate":"2024-11-30T00:00:00.000Z","name":"maria","nextPaymentDate":"2024-12-30T00:00:00.000Z","startDate":"2024-11-29T00:00:00.000Z","subscriptionStatus":"active","userId":9},"2":{"amount":"5.00","email":"maria@gmail","endDate":"2024-12-29T00:00:00.000Z","lastPaymentDate":"2024-11-30T00:00:00.000Z","name":"maria","nextPaymentDate":"2024-12-30T00:00:00.000Z","startDate":"2024-11-29T00:00:00.000Z","subscriptionStatus":"active","userId":9},"3":{"amount":"5.00","email":"maria@gmail","endDate":"2024-12-30T00:00:00.000Z","lastPaymentDate":"2024-11-30T00:00:00.000Z","name":"maria","nextPaymentDate":"2024-12-30T00:00:00.000Z","startDate":"2024-11-30T00:00:00.000Z","subscriptionStatus":"active","userId":9},"level":"info","message":"Query results:","service":"onlib-backend","timestamp":"2024-12-01 03:14:31"}
{"level":"info","message":"Subscriptions route loaded","service":"onlib-backend","timestamp":"2024-12-01 03:18:41"}
{"level":"info","message":"GET /subscription endpoint accessed","service":"onlib-backend","timestamp":"2024-12-01 03:21:00"}
{"level":"info","message":"Query params:","service":"onlib-backend","timestamp":"2024-12-01 03:21:00","userId":"10"}
{"0":{"amount":"7.50","email":"andre@gmail","endDate":"2025-11-29T00:00:00.000Z","lastPaymentDate":"2024-11-30T00:00:00.000Z","name":"andre","nextPaymentDate":"2024-11-01T00:00:00.000Z","startDate":"2024-11-29T00:00:00.000Z","subscriptionStatus":"inactive","userId":10},"level":"info","message":"Query results:","service":"onlib-backend","timestamp":"2024-12-01 03:21:00"}
{"level":"info","message":"GET /subscription endpoint accessed","service":"onlib-backend","timestamp":"2024-12-01 03:21:00"}
{"level":"info","message":"Query params:","service":"onlib-backend","timestamp":"2024-12-01 03:21:00","userId":"10"}
{"0":{"amount":"7.50","email":"andre@gmail","endDate":"2025-11-29T00:00:00.000Z","lastPaymentDate":"2024-11-30T00:00:00.000Z","name":"andre","nextPaymentDate":"2024-11-01T00:00:00.000Z","startDate":"2024-11-29T00:00:00.000Z","subscriptionStatus":"inactive","userId":10},"level":"info","message":"Query results:","service":"onlib-backend","timestamp":"2024-12-01 03:21:00"}
{"level":"info","message":"Subscriptions route loaded","service":"onlib-backend","timestamp":"2024-12-01 03:22:14"}
{"level":"info","message":"Subscriptions route loaded","service":"onlib-backend","timestamp":"2024-12-01 03:24:58"}
{"level":"info","message":"Subscriptions route loaded","service":"onlib-backend","timestamp":"2024-12-01 03:30:31"}
{"level":"info","message":"Subscriptions route loaded","service":"onlib-backend","timestamp":"2024-12-01 12:18:51"}
{"level":"info","message":"GET /subscription endpoint accessed","service":"onlib-backend","timestamp":"2024-12-01 12:20:37"}
{"level":"info","message":"Query params:","service":"onlib-backend","timestamp":"2024-12-01 12:20:37","userId":"9"}
{"0":{"amount":"5.00","email":"maria@gmail","endDate":"2025-11-29T00:00:00.000Z","lastPaymentDate":"2024-11-30T00:00:00.000Z","name":"maria","nextPaymentDate":"2024-12-30T00:00:00.000Z","startDate":"2024-11-29T00:00:00.000Z","subscriptionStatus":"active","userId":9},"1":{"amount":"5.00","email":"maria@gmail","endDate":"2025-11-29T00:00:00.000Z","lastPaymentDate":"2024-11-30T00:00:00.000Z","name":"maria","nextPaymentDate":"2024-12-30T00:00:00.000Z","startDate":"2024-11-29T00:00:00.000Z","subscriptionStatus":"active","userId":9},"2":{"amount":"5.00","email":"maria@gmail","endDate":"2024-12-29T00:00:00.000Z","lastPaymentDate":"2024-11-30T00:00:00.000Z","name":"maria","nextPaymentDate":"2024-12-30T00:00:00.000Z","startDate":"2024-11-29T00:00:00.000Z","subscriptionStatus":"active","userId":9},"3":{"amount":"5.00","email":"maria@gmail","endDate":"2024-12-30T00:00:00.000Z","lastPaymentDate":"2024-11-30T00:00:00.000Z","name":"maria","nextPaymentDate":"2024-12-30T00:00:00.000Z","startDate":"2024-11-30T00:00:00.000Z","subscriptionStatus":"active","userId":9},"level":"info","message":"Query results:","service":"onlib-backend","timestamp":"2024-12-01 12:20:37"}
{"level":"info","message":"GET /subscription endpoint accessed","service":"onlib-backend","timestamp":"2024-12-01 12:20:37"}
{"level":"info","message":"Query params:","service":"onlib-backend","timestamp":"2024-12-01 12:20:37","userId":"9"}
{"0":{"amount":"5.00","email":"maria@gmail","endDate":"2025-11-29T00:00:00.000Z","lastPaymentDate":"2024-11-30T00:00:00.000Z","name":"maria","nextPaymentDate":"2024-12-30T00:00:00.000Z","startDate":"2024-11-29T00:00:00.000Z","subscriptionStatus":"active","userId":9},"1":{"amount":"5.00","email":"maria@gmail","endDate":"2025-11-29T00:00:00.000Z","lastPaymentDate":"2024-11-30T00:00:00.000Z","name":"maria","nextPaymentDate":"2024-12-30T00:00:00.000Z","startDate":"2024-11-29T00:00:00.000Z","subscriptionStatus":"active","userId":9},"2":{"amount":"5.00","email":"maria@gmail","endDate":"2024-12-29T00:00:00.000Z","lastPaymentDate":"2024-11-30T00:00:00.000Z","name":"maria","nextPaymentDate":"2024-12-30T00:00:00.000Z","startDate":"2024-11-29T00:00:00.000Z","subscriptionStatus":"active","userId":9},"3":{"amount":"5.00","email":"maria@gmail","endDate":"2024-12-30T00:00:00.000Z","lastPaymentDate":"2024-11-30T00:00:00.000Z","name":"maria","nextPaymentDate":"2024-12-30T00:00:00.000Z","startDate":"2024-11-30T00:00:00.000Z","subscriptionStatus":"active","userId":9},"level":"info","message":"Query results:","service":"onlib-backend","timestamp":"2024-12-01 12:20:37"}
{"level":"info","message":"GET /subscription endpoint accessed","service":"onlib-backend","timestamp":"2024-12-01 12:20:40"}
{"level":"info","message":"Query params:","service":"onlib-backend","timestamp":"2024-12-01 12:20:40","userId":"10"}
{"0":{"amount":"7.50","email":"andre@gmail","endDate":"2025-11-29T00:00:00.000Z","lastPaymentDate":"2024-11-30T00:00:00.000Z","name":"andre","nextPaymentDate":"2024-11-01T00:00:00.000Z","startDate":"2024-11-29T00:00:00.000Z","subscriptionStatus":"inactive","userId":10},"level":"info","message":"Query results:","service":"onlib-backend","timestamp":"2024-12-01 12:20:40"}
{"level":"info","message":"GET /subscription endpoint accessed","service":"onlib-backend","timestamp":"2024-12-01 12:20:40"}
{"level":"info","message":"Query params:","service":"onlib-backend","timestamp":"2024-12-01 12:20:40","userId":"10"}
{"0":{"amount":"7.50","email":"andre@gmail","endDate":"2025-11-29T00:00:00.000Z","lastPaymentDate":"2024-11-30T00:00:00.000Z","name":"andre","nextPaymentDate":"2024-11-01T00:00:00.000Z","startDate":"2024-11-29T00:00:00.000Z","subscriptionStatus":"inactive","userId":10},"level":"info","message":"Query results:","service":"onlib-backend","timestamp":"2024-12-01 12:20:40"}
{"level":"info","message":"[GET] Fetching payment details for User ID: 10","service":"onlib-backend","timestamp":"2024-12-01 12:20:42"}
{"level":"info","message":"[INFO] Payment details fetched successfully for User ID: 10","service":"onlib-backend","timestamp":"2024-12-01 12:20:42"}
{"level":"info","message":"[GET] Fetching payment details for User ID: 10","service":"onlib-backend","timestamp":"2024-12-01 12:20:42"}
{"level":"info","message":"[INFO] Payment details fetched successfully for User ID: 10","service":"onlib-backend","timestamp":"2024-12-01 12:20:42"}
{"level":"info","message":"GET /subscription endpoint accessed","service":"onlib-backend","timestamp":"2024-12-01 12:20:45"}
{"level":"info","message":"Query params:","service":"onlib-backend","timestamp":"2024-12-01 12:20:45","userId":"10"}
{"0":{"amount":"7.50","email":"andre@gmail","endDate":"2025-11-29T00:00:00.000Z","lastPaymentDate":"2024-11-30T00:00:00.000Z","name":"andre","nextPaymentDate":"2024-11-01T00:00:00.000Z","startDate":"2024-11-29T00:00:00.000Z","subscriptionStatus":"inactive","userId":10},"level":"info","message":"Query results:","service":"onlib-backend","timestamp":"2024-12-01 12:20:45"}
{"level":"info","message":"GET /subscription endpoint accessed","service":"onlib-backend","timestamp":"2024-12-01 12:20:45"}
{"level":"info","message":"Query params:","service":"onlib-backend","timestamp":"2024-12-01 12:20:45","userId":"10"}
{"0":{"amount":"7.50","email":"andre@gmail","endDate":"2025-11-29T00:00:00.000Z","lastPaymentDate":"2024-11-30T00:00:00.000Z","name":"andre","nextPaymentDate":"2024-11-01T00:00:00.000Z","startDate":"2024-11-29T00:00:00.000Z","subscriptionStatus":"inactive","userId":10},"level":"info","message":"Query results:","service":"onlib-backend","timestamp":"2024-12-01 12:20:45"}
